2021-12-04 18:01:12,256 [1] INFO t2_ssup_controle_elevador.Form1 - Andar: Térreo 
2021-12-04 18:01:23,075 [1] INFO t2_ssup_controle_elevador.Form1 - Andar: 1 
2021-12-04 18:01:37,135 [1] INFO t2_ssup_controle_elevador.Form1 - Andar: Térreo 
2021-12-04 18:01:46,614 [1] INFO t2_ssup_controle_elevador.Form1 - Andar: Térreo 
2021-12-04 18:01:57,178 [1] INFO t2_ssup_controle_elevador.Form1 - Andar: 1 
2021-12-04 18:34:57,113 [1] INFO t2_ssup_controle_elevador.Form1 - Andar: 3 
2021-12-04 18:35:05,965 [1] INFO t2_ssup_controle_elevador.Form1 - Andar: 4 
2021-12-04 18:35:16,751 [1] INFO t2_ssup_controle_elevador.Form1 - Andar: 1 
2021-12-04 18:35:24,728 [1] INFO t2_ssup_controle_elevador.Form1 - Andar: 4 
2021-12-04 18:35:26,751 [1] INFO t2_ssup_controle_elevador.Form1 - EMERGÊNCIA: OPERAÇÃO COM MAL FUNCIONAMENTO. 
2021-12-04 18:35:32,421 [1] INFO t2_ssup_controle_elevador.Form1 - OPERAÇÃO RESTABELECIDA. 
2021-12-04 18:35:46,178 [1] INFO t2_ssup_controle_elevador.Form1 - Andar: 4 
2021-12-04 18:35:54,711 [1] INFO t2_ssup_controle_elevador.Form1 - Andar: 1 
2021-12-05 10:48:07,793 [1] INFO t2_ssup_controle_elevador.Form1 - Operação Iniciada 
2021-12-05 10:56:55,944 [1] INFO t2_ssup_controle_elevador.Form1 - Operação Iniciada 
2021-12-05 10:57:22,159 [1] INFO t2_ssup_controle_elevador.Form1 - Operação Iniciada 
2021-12-05 11:28:04,670 [1] INFO t2_ssup_controle_elevador.Form1 - Operação Iniciada 
2021-12-05 11:28:12,574 [1] INFO t2_ssup_controle_elevador.Form1 - Andar: 2 
2021-12-05 11:28:18,316 [1] INFO t2_ssup_controle_elevador.Form1 - Andar: 1 
2021-12-05 11:28:24,109 [1] INFO t2_ssup_controle_elevador.Form1 - Andar: 4 
2021-12-05 11:30:50,665 [1] INFO t2_ssup_controle_elevador.Form1 - Operação Iniciada 
2021-12-05 11:30:58,235 [1] INFO t2_ssup_controle_elevador.Form1 - Andar: 2 
2021-12-05 11:31:05,641 [1] INFO t2_ssup_controle_elevador.Form1 - Andar: 4 
2021-12-05 12:30:04,168 [1] INFO t2_ssup_controle_elevador.Form1 - OPERAÇÃO INICIADA 
2021-12-05 12:33:56,807 [1] INFO t2_ssup_controle_elevador.Form1 - OPERAÇÃO INICIADA 
2021-12-05 12:35:13,581 [1] INFO t2_ssup_controle_elevador.Form1 - OPERAÇÃO INICIADA 
2021-12-05 12:35:51,222 [1] INFO t2_ssup_controle_elevador.Form1 - Andar: 2 
2021-12-05 12:36:17,191 [1] INFO t2_ssup_controle_elevador.Form1 - OPERAÇÃO INICIADA 
2021-12-05 12:39:19,336 [1] INFO t2_ssup_controle_elevador.Form1 - OPERAÇÃO INICIADA 
2021-12-05 12:43:08,982 [1] INFO t2_ssup_controle_elevador.Form1 - OPERAÇÃO INICIADA 
2021-12-05 12:44:21,627 [1] INFO t2_ssup_controle_elevador.Form1 - OPERAÇÃO INICIADA 
2021-12-05 12:46:17,994 [1] INFO t2_ssup_controle_elevador.Form1 - OPERAÇÃO INICIADA 
2021-12-05 12:49:09,250 [1] INFO t2_ssup_controle_elevador.Form1 - OPERAÇÃO INICIADA 
2021-12-05 12:51:02,879 [1] INFO t2_ssup_controle_elevador.Form1 - OPERAÇÃO INICIADA 
2021-12-05 13:01:45,480 [1] INFO t2_ssup_controle_elevador.Form1 - OPERAÇÃO INICIADA 
2021-12-05 13:03:51,054 [1] INFO t2_ssup_controle_elevador.Form1 - OPERAÇÃO INICIADA 
2021-12-05 13:05:34,147 [1] INFO t2_ssup_controle_elevador.Form1 - OPERAÇÃO INICIADA 
2021-12-05 13:06:06,066 [1] INFO t2_ssup_controle_elevador.Form1 - OPERAÇÃO INICIADA 
2021-12-05 13:06:57,924 [1] INFO t2_ssup_controle_elevador.Form1 - OPERAÇÃO INICIADA 
2021-12-05 13:14:29,578 [1] INFO t2_ssup_controle_elevador.Form1 - OPERAÇÃO INICIADA 
2021-12-05 13:18:00,341 [1] INFO t2_ssup_controle_elevador.Form1 - OPERAÇÃO INICIADA 
2021-12-05 13:19:19,315 [1] INFO t2_ssup_controle_elevador.Form1 - OPERAÇÃO INICIADA 
2021-12-05 13:20:17,183 [1] INFO t2_ssup_controle_elevador.Form1 - OPERAÇÃO INICIADA 
2021-12-05 13:22:28,384 [1] INFO t2_ssup_controle_elevador.Form1 - OPERAÇÃO INICIADA 
2021-12-05 14:56:36,332 [1] INFO t2_ssup_controle_elevador.Form1 - OPERAÇÃO INICIADA 
2021-12-05 14:58:45,508 [1] INFO t2_ssup_controle_elevador.Form1 - OPERAÇÃO INICIADA 
2021-12-05 15:03:03,166 [1] INFO t2_ssup_controle_elevador.Form1 - OPERAÇÃO INICIADA 
2021-12-05 15:03:03,281 [1] INFO t2_ssup_controle_elevador.Form1 - Andar: Térreo 
2021-12-05 15:03:59,326 [1] INFO t2_ssup_controle_elevador.Form1 - OPERAÇÃO INICIADA 
2021-12-05 15:03:59,439 [1] INFO t2_ssup_controle_elevador.Form1 - Andar: Térreo 
2021-12-05 15:04:07,884 [1] INFO t2_ssup_controle_elevador.Form1 - Andar: 2 
2021-12-05 15:04:14,294 [1] INFO t2_ssup_controle_elevador.Form1 - Andar: 4 
2021-12-05 15:05:31,572 [1] INFO t2_ssup_controle_elevador.Form1 - OPERAÇÃO INICIADA 
2021-12-05 15:05:31,614 [1] INFO t2_ssup_controle_elevador.Form1 - Andar: Térreo 
2021-12-05 15:07:05,521 [1] INFO t2_ssup_controle_elevador.Form1 - OPERAÇÃO INICIADA 
2021-12-05 15:07:05,592 [1] INFO t2_ssup_controle_elevador.Form1 - Andar: Térreo 
2021-12-05 15:08:22,468 [1] INFO t2_ssup_controle_elevador.Form1 - OPERAÇÃO INICIADA 
2021-12-05 15:08:22,523 [1] INFO t2_ssup_controle_elevador.Form1 - Andar: Térreo 
